<?xml version="1.0" encoding="UTF-8"?>
<!-- Generated by org.testng.reporters.JUnitXMLReporter -->
<testsuite ignored="0" hostname="LAPTOP-S0JBVFQI" failures="0" tests="3" name="ChromeTest" time="155.204" errors="0" timestamp="15 May 2021 05:35:09 GMT">
  <testcase classname="testcases.T_MainScript" name="hospitalSearch" time="103.766"/>
  <testcase classname="testcases.T_MainScript" name="topCities" time="28.253"/>
  <testcase classname="testcases.T_MainScript" name="getAlerts" time="12.16"/>
</testsuite> <!-- ChromeTest -->
