<?xml version="1.0" encoding="UTF-8"?>
<!-- Generated by org.testng.reporters.JUnitXMLReporter -->
<testsuite ignored="0" hostname="DESKTOP-9KR5CRQ" failures="0" tests="3" name="CTest" time="120.215" errors="0" timestamp="14 May 2021 07:34:03 GMT">
  <testcase classname="testcases.T_MainScript" name="hospitalSearch" time="88.139"/>
  <testcase classname="testcases.T_MainScript" name="topCities" time="10.638"/>
  <testcase classname="testcases.T_MainScript" name="getAlerts" time="8.99"/>
</testsuite> <!-- CTest -->
