<?xml version="1.0" encoding="UTF-8"?>
<!-- Generated by org.testng.reporters.JUnitXMLReporter -->
<testsuite ignored="0" hostname="LAPTOP-S0JBVFQI" failures="0" tests="3" name="ChromeTest" time="147.577" errors="0" timestamp="15 May 2021 04:07:29 GMT">
  <testcase classname="testcases.T_MainScript" name="hospitalSearch" time="102.234"/>
  <testcase classname="testcases.T_MainScript" name="topCities" time="27.028"/>
  <testcase classname="testcases.T_MainScript" name="getAlerts" time="8.561"/>
</testsuite> <!-- ChromeTest -->
