<?xml version="1.0" encoding="UTF-8"?>
<!-- Generated by org.testng.reporters.JUnitXMLReporter -->
<testsuite ignored="0" hostname="LAPTOP-S0JBVFQI" failures="0" tests="3" name="ChromeTest" time="145.919" errors="0" timestamp="15 May 2021 05:56:37 GMT">
  <testcase classname="testcases.T_MainScript" name="hospitalSearch" time="99.312"/>
  <testcase classname="testcases.T_MainScript" name="topCities" time="28.552"/>
  <testcase classname="testcases.T_MainScript" name="getAlerts" time="8.621"/>
</testsuite> <!-- ChromeTest -->
