<?xml version="1.0" encoding="UTF-8"?>
<!-- Generated by org.testng.reporters.JUnitXMLReporter -->
<testsuite ignored="0" hostname="LAPTOP-S0JBVFQI" failures="0" tests="3" name="FFTest" time="139.63" errors="0" timestamp="15 May 2021 04:09:49 GMT">
  <testcase classname="testcases.T_MainScript" name="hospitalSearch" time="85.847"/>
  <testcase classname="testcases.T_MainScript" name="topCities" time="26.96"/>
  <testcase classname="testcases.T_MainScript" name="getAlerts" time="6.015"/>
</testsuite> <!-- FFTest -->
