<?xml version="1.0" encoding="UTF-8"?>
<!-- Generated by org.testng.reporters.JUnitXMLReporter -->
<testsuite ignored="0" hostname="LAPTOP-S0JBVFQI" failures="0" tests="3" name="FFTest" time="120.58" errors="0" timestamp="15 May 2021 05:58:38 GMT">
  <testcase classname="testcases.T_MainScript" name="hospitalSearch" time="85.65"/>
  <testcase classname="testcases.T_MainScript" name="topCities" time="5.993"/>
  <testcase classname="testcases.T_MainScript" name="getAlerts" time="5.65"/>
</testsuite> <!-- FFTest -->
