<?xml version="1.0" encoding="UTF-8"?>
<testng-results ignored="0" total="6" passed="6" failed="0" skipped="0">
  <reporter-output>
  </reporter-output>
  <suite started-at="2021-05-15T05:54:11Z" name="Suite" finished-at="2021-05-15T05:58:38Z" duration-ms="266537">
    <groups>
      <group name="regression">
        <method signature="T_MainScript.getAlerts()[pri:2, instance:testcases.T_MainScript@681a8b4e]" name="getAlerts" class="testcases.T_MainScript"/>
        <method signature="T_MainScript.hospitalSearch()[pri:0, instance:testcases.T_MainScript@681a8b4e]" name="hospitalSearch" class="testcases.T_MainScript"/>
        <method signature="T_MainScript.topCities()[pri:1, instance:testcases.T_MainScript@681a8b4e]" name="topCities" class="testcases.T_MainScript"/>
        <method signature="T_MainScript.getAlerts()[pri:2, instance:testcases.T_MainScript@58ffcbd7]" name="getAlerts" class="testcases.T_MainScript"/>
        <method signature="T_MainScript.hospitalSearch()[pri:0, instance:testcases.T_MainScript@58ffcbd7]" name="hospitalSearch" class="testcases.T_MainScript"/>
        <method signature="T_MainScript.topCities()[pri:1, instance:testcases.T_MainScript@58ffcbd7]" name="topCities" class="testcases.T_MainScript"/>
      </group> <!-- regression -->
      <group name="smoke">
        <method signature="T_MainScript.getAlerts()[pri:2, instance:testcases.T_MainScript@681a8b4e]" name="getAlerts" class="testcases.T_MainScript"/>
        <method signature="T_MainScript.hospitalSearch()[pri:0, instance:testcases.T_MainScript@681a8b4e]" name="hospitalSearch" class="testcases.T_MainScript"/>
        <method signature="T_MainScript.topCities()[pri:1, instance:testcases.T_MainScript@681a8b4e]" name="topCities" class="testcases.T_MainScript"/>
        <method signature="T_MainScript.getAlerts()[pri:2, instance:testcases.T_MainScript@58ffcbd7]" name="getAlerts" class="testcases.T_MainScript"/>
        <method signature="T_MainScript.hospitalSearch()[pri:0, instance:testcases.T_MainScript@58ffcbd7]" name="hospitalSearch" class="testcases.T_MainScript"/>
        <method signature="T_MainScript.topCities()[pri:1, instance:testcases.T_MainScript@58ffcbd7]" name="topCities" class="testcases.T_MainScript"/>
      </group> <!-- smoke -->
    </groups>
    <test started-at="2021-05-15T05:54:11Z" name="ChromeTest" finished-at="2021-05-15T05:56:37Z" duration-ms="145919">
      <class name="testcases.T_MainScript">
        <test-method is-config="true" signature="openBrowser(java.lang.String)[pri:0, instance:testcases.T_MainScript@681a8b4e]" started-at="2021-05-15T05:54:11Z" name="openBrowser" finished-at="2021-05-15T05:54:20Z" duration-ms="8191" status="PASS">
          <params>
            <param index="0">
              <value>
                <![CDATA[Chrome]]>
              </value>
            </param>
          </params>
          <reporter-output>
          </reporter-output>
        </test-method> <!-- openBrowser -->
        <test-method signature="hospitalSearch()[pri:0, instance:testcases.T_MainScript@681a8b4e]" started-at="2021-05-15T05:54:20Z" name="hospitalSearch" finished-at="2021-05-15T05:55:59Z" duration-ms="99312" status="PASS">
          <reporter-output>
          </reporter-output>
        </test-method> <!-- hospitalSearch -->
        <test-method signature="topCities()[pri:1, instance:testcases.T_MainScript@681a8b4e]" started-at="2021-05-15T05:55:59Z" name="topCities" finished-at="2021-05-15T05:56:27Z" duration-ms="28552" status="PASS">
          <reporter-output>
          </reporter-output>
        </test-method> <!-- topCities -->
        <test-method signature="getAlerts()[pri:2, instance:testcases.T_MainScript@681a8b4e]" started-at="2021-05-15T05:56:27Z" name="getAlerts" finished-at="2021-05-15T05:56:36Z" duration-ms="8621" status="PASS">
          <reporter-output>
          </reporter-output>
        </test-method> <!-- getAlerts -->
        <test-method is-config="true" signature="closeTheBrowser()[pri:0, instance:testcases.T_MainScript@681a8b4e]" started-at="2021-05-15T05:56:36Z" name="closeTheBrowser" finished-at="2021-05-15T05:56:37Z" duration-ms="1212" status="PASS">
          <reporter-output>
          </reporter-output>
        </test-method> <!-- closeTheBrowser -->
      </class> <!-- testcases.T_MainScript -->
    </test> <!-- ChromeTest -->
    <test started-at="2021-05-15T05:56:37Z" name="FFTest" finished-at="2021-05-15T05:58:38Z" duration-ms="120580">
      <class name="testcases.T_MainScript">
        <test-method is-config="true" signature="openBrowser(java.lang.String)[pri:0, instance:testcases.T_MainScript@58ffcbd7]" started-at="2021-05-15T05:56:37Z" name="openBrowser" finished-at="2021-05-15T05:56:54Z" duration-ms="16685" status="PASS">
          <params>
            <param index="0">
              <value>
                <![CDATA[Mozila]]>
              </value>
            </param>
          </params>
          <reporter-output>
          </reporter-output>
        </test-method> <!-- openBrowser -->
        <test-method signature="hospitalSearch()[pri:0, instance:testcases.T_MainScript@58ffcbd7]" started-at="2021-05-15T05:56:54Z" name="hospitalSearch" finished-at="2021-05-15T05:58:20Z" duration-ms="85650" status="PASS">
          <reporter-output>
          </reporter-output>
        </test-method> <!-- hospitalSearch -->
        <test-method signature="topCities()[pri:1, instance:testcases.T_MainScript@58ffcbd7]" started-at="2021-05-15T05:58:20Z" name="topCities" finished-at="2021-05-15T05:58:26Z" duration-ms="5993" status="PASS">
          <reporter-output>
          </reporter-output>
        </test-method> <!-- topCities -->
        <test-method signature="getAlerts()[pri:2, instance:testcases.T_MainScript@58ffcbd7]" started-at="2021-05-15T05:58:26Z" name="getAlerts" finished-at="2021-05-15T05:58:31Z" duration-ms="5650" status="PASS">
          <reporter-output>
          </reporter-output>
        </test-method> <!-- getAlerts -->
        <test-method is-config="true" signature="closeTheBrowser()[pri:0, instance:testcases.T_MainScript@58ffcbd7]" started-at="2021-05-15T05:58:31Z" name="closeTheBrowser" finished-at="2021-05-15T05:58:38Z" duration-ms="6597" status="PASS">
          <reporter-output>
          </reporter-output>
        </test-method> <!-- closeTheBrowser -->
      </class> <!-- testcases.T_MainScript -->
    </test> <!-- FFTest -->
  </suite> <!-- Suite -->
</testng-results>
