<?xml version="1.0" encoding="UTF-8"?>
<testsuite xmlns:xsi="http://www.w3.org/2001/XMLSchema-instance" xsi:noNamespaceSchemaLocation="https://maven.apache.org/surefire/maven-surefire-plugin/xsd/surefire-test-report.xsd" name="TestSuite" time="290.201" tests="6" errors="0" skipped="0" failures="0">
  <properties>
[...]
</properties>
  <testcase name="hospitalSearch" classname="testcases.T_MainScript" time="102.236"/>
  <testcase name="hospitalSearch" classname="testcases.T_MainScript" time="85.849"/>
  <testcase name="topCities" classname="testcases.T_MainScript" time="27.028"/>
  <testcase name="topCities" classname="testcases.T_MainScript" time="26.979"/>
  <testcase name="getAlerts" classname="testcases.T_MainScript" time="8.564"/>
  <testcase name="getAlerts" classname="testcases.T_MainScript" time="6"/>
</testsuite>