<?xml version="1.0" encoding="UTF-8"?>
<testng-results ignored="0" total="6" passed="6" failed="0" skipped="0">
  <reporter-output>
  </reporter-output>
  <suite started-at="2021-05-15T04:05:02Z" name="Suite" finished-at="2021-05-15T04:09:49Z" duration-ms="287248">
    <groups>
      <group name="regression">
        <method signature="T_MainScript.getAlerts()[pri:2, instance:testcases.T_MainScript@3b0c9195]" name="getAlerts" class="testcases.T_MainScript"/>
        <method signature="T_MainScript.hospitalSearch()[pri:0, instance:testcases.T_MainScript@3b0c9195]" name="hospitalSearch" class="testcases.T_MainScript"/>
        <method signature="T_MainScript.topCities()[pri:1, instance:testcases.T_MainScript@3b0c9195]" name="topCities" class="testcases.T_MainScript"/>
        <method signature="T_MainScript.getAlerts()[pri:2, instance:testcases.T_MainScript@655ef322]" name="getAlerts" class="testcases.T_MainScript"/>
        <method signature="T_MainScript.hospitalSearch()[pri:0, instance:testcases.T_MainScript@655ef322]" name="hospitalSearch" class="testcases.T_MainScript"/>
        <method signature="T_MainScript.topCities()[pri:1, instance:testcases.T_MainScript@655ef322]" name="topCities" class="testcases.T_MainScript"/>
      </group> <!-- regression -->
      <group name="smoke">
        <method signature="T_MainScript.getAlerts()[pri:2, instance:testcases.T_MainScript@3b0c9195]" name="getAlerts" class="testcases.T_MainScript"/>
        <method signature="T_MainScript.hospitalSearch()[pri:0, instance:testcases.T_MainScript@3b0c9195]" name="hospitalSearch" class="testcases.T_MainScript"/>
        <method signature="T_MainScript.topCities()[pri:1, instance:testcases.T_MainScript@3b0c9195]" name="topCities" class="testcases.T_MainScript"/>
        <method signature="T_MainScript.getAlerts()[pri:2, instance:testcases.T_MainScript@655ef322]" name="getAlerts" class="testcases.T_MainScript"/>
        <method signature="T_MainScript.hospitalSearch()[pri:0, instance:testcases.T_MainScript@655ef322]" name="hospitalSearch" class="testcases.T_MainScript"/>
        <method signature="T_MainScript.topCities()[pri:1, instance:testcases.T_MainScript@655ef322]" name="topCities" class="testcases.T_MainScript"/>
      </group> <!-- smoke -->
    </groups>
    <test started-at="2021-05-15T04:05:02Z" name="ChromeTest" finished-at="2021-05-15T04:07:29Z" duration-ms="147577">
      <class name="testcases.T_MainScript">
        <test-method is-config="true" signature="openBrowser(java.lang.String)[pri:0, instance:testcases.T_MainScript@3b0c9195]" started-at="2021-05-15T04:05:02Z" name="openBrowser" finished-at="2021-05-15T04:05:10Z" duration-ms="8572" status="PASS">
          <params>
            <param index="0">
              <value>
                <![CDATA[Chrome]]>
              </value>
            </param>
          </params>
          <reporter-output>
          </reporter-output>
        </test-method> <!-- openBrowser -->
        <test-method signature="hospitalSearch()[pri:0, instance:testcases.T_MainScript@3b0c9195]" started-at="2021-05-15T04:05:10Z" name="hospitalSearch" finished-at="2021-05-15T04:06:52Z" duration-ms="102234" status="PASS">
          <reporter-output>
          </reporter-output>
        </test-method> <!-- hospitalSearch -->
        <test-method signature="topCities()[pri:1, instance:testcases.T_MainScript@3b0c9195]" started-at="2021-05-15T04:06:52Z" name="topCities" finished-at="2021-05-15T04:07:19Z" duration-ms="27028" status="PASS">
          <reporter-output>
          </reporter-output>
        </test-method> <!-- topCities -->
        <test-method signature="getAlerts()[pri:2, instance:testcases.T_MainScript@3b0c9195]" started-at="2021-05-15T04:07:19Z" name="getAlerts" finished-at="2021-05-15T04:07:28Z" duration-ms="8561" status="PASS">
          <reporter-output>
          </reporter-output>
        </test-method> <!-- getAlerts -->
        <test-method is-config="true" signature="closeTheBrowser()[pri:0, instance:testcases.T_MainScript@3b0c9195]" started-at="2021-05-15T04:07:28Z" name="closeTheBrowser" finished-at="2021-05-15T04:07:29Z" duration-ms="1163" status="PASS">
          <reporter-output>
          </reporter-output>
        </test-method> <!-- closeTheBrowser -->
      </class> <!-- testcases.T_MainScript -->
    </test> <!-- ChromeTest -->
    <test started-at="2021-05-15T04:07:29Z" name="FFTest" finished-at="2021-05-15T04:09:49Z" duration-ms="139630">
      <class name="testcases.T_MainScript">
        <test-method is-config="true" signature="openBrowser(java.lang.String)[pri:0, instance:testcases.T_MainScript@655ef322]" started-at="2021-05-15T04:07:29Z" name="openBrowser" finished-at="2021-05-15T04:07:46Z" duration-ms="16865" status="PASS">
          <params>
            <param index="0">
              <value>
                <![CDATA[Mozila]]>
              </value>
            </param>
          </params>
          <reporter-output>
          </reporter-output>
        </test-method> <!-- openBrowser -->
        <test-method signature="hospitalSearch()[pri:0, instance:testcases.T_MainScript@655ef322]" started-at="2021-05-15T04:07:46Z" name="hospitalSearch" finished-at="2021-05-15T04:09:12Z" duration-ms="85847" status="PASS">
          <reporter-output>
          </reporter-output>
        </test-method> <!-- hospitalSearch -->
        <test-method signature="topCities()[pri:1, instance:testcases.T_MainScript@655ef322]" started-at="2021-05-15T04:09:12Z" name="topCities" finished-at="2021-05-15T04:09:39Z" duration-ms="26960" status="PASS">
          <reporter-output>
          </reporter-output>
        </test-method> <!-- topCities -->
        <test-method signature="getAlerts()[pri:2, instance:testcases.T_MainScript@655ef322]" started-at="2021-05-15T04:09:39Z" name="getAlerts" finished-at="2021-05-15T04:09:45Z" duration-ms="6015" status="PASS">
          <reporter-output>
          </reporter-output>
        </test-method> <!-- getAlerts -->
        <test-method is-config="true" signature="closeTheBrowser()[pri:0, instance:testcases.T_MainScript@655ef322]" started-at="2021-05-15T04:09:45Z" name="closeTheBrowser" finished-at="2021-05-15T04:09:49Z" duration-ms="3938" status="PASS">
          <reporter-output>
          </reporter-output>
        </test-method> <!-- closeTheBrowser -->
      </class> <!-- testcases.T_MainScript -->
    </test> <!-- FFTest -->
  </suite> <!-- Suite -->
</testng-results>
