<?xml version="1.0" encoding="UTF-8"?>
<testng-results ignored="0" total="6" passed="6" failed="0" skipped="0">
  <reporter-output>
  </reporter-output>
  <suite started-at="2021-05-15T03:57:03Z" name="Suite" finished-at="2021-05-15T04:01:37Z" duration-ms="273323">
    <groups>
      <group name="regression">
        <method signature="T_MainScript.getAlerts()[pri:2, instance:testcases.T_MainScript@73dce0e6]" name="getAlerts" class="testcases.T_MainScript"/>
        <method signature="T_MainScript.hospitalSearch()[pri:0, instance:testcases.T_MainScript@73dce0e6]" name="hospitalSearch" class="testcases.T_MainScript"/>
        <method signature="T_MainScript.topCities()[pri:1, instance:testcases.T_MainScript@73dce0e6]" name="topCities" class="testcases.T_MainScript"/>
        <method signature="T_MainScript.getAlerts()[pri:2, instance:testcases.T_MainScript@246f8b8b]" name="getAlerts" class="testcases.T_MainScript"/>
        <method signature="T_MainScript.hospitalSearch()[pri:0, instance:testcases.T_MainScript@246f8b8b]" name="hospitalSearch" class="testcases.T_MainScript"/>
        <method signature="T_MainScript.topCities()[pri:1, instance:testcases.T_MainScript@246f8b8b]" name="topCities" class="testcases.T_MainScript"/>
      </group> <!-- regression -->
      <group name="smoke">
        <method signature="T_MainScript.getAlerts()[pri:2, instance:testcases.T_MainScript@73dce0e6]" name="getAlerts" class="testcases.T_MainScript"/>
        <method signature="T_MainScript.hospitalSearch()[pri:0, instance:testcases.T_MainScript@73dce0e6]" name="hospitalSearch" class="testcases.T_MainScript"/>
        <method signature="T_MainScript.topCities()[pri:1, instance:testcases.T_MainScript@73dce0e6]" name="topCities" class="testcases.T_MainScript"/>
        <method signature="T_MainScript.getAlerts()[pri:2, instance:testcases.T_MainScript@246f8b8b]" name="getAlerts" class="testcases.T_MainScript"/>
        <method signature="T_MainScript.hospitalSearch()[pri:0, instance:testcases.T_MainScript@246f8b8b]" name="hospitalSearch" class="testcases.T_MainScript"/>
        <method signature="T_MainScript.topCities()[pri:1, instance:testcases.T_MainScript@246f8b8b]" name="topCities" class="testcases.T_MainScript"/>
      </group> <!-- smoke -->
    </groups>
    <test started-at="2021-05-15T03:57:03Z" name="ChromeTest" finished-at="2021-05-15T03:59:23Z" duration-ms="139998">
      <class name="testcases.T_MainScript">
        <test-method is-config="true" signature="openBrowser(java.lang.String)[pri:0, instance:testcases.T_MainScript@73dce0e6]" started-at="2021-05-15T03:57:03Z" name="openBrowser" finished-at="2021-05-15T03:57:13Z" duration-ms="9544" status="PASS">
          <params>
            <param index="0">
              <value>
                <![CDATA[Chrome]]>
              </value>
            </param>
          </params>
          <reporter-output>
          </reporter-output>
        </test-method> <!-- openBrowser -->
        <test-method signature="hospitalSearch()[pri:0, instance:testcases.T_MainScript@73dce0e6]" started-at="2021-05-15T03:57:13Z" name="hospitalSearch" finished-at="2021-05-15T03:58:49Z" duration-ms="95911" status="PASS">
          <reporter-output>
          </reporter-output>
        </test-method> <!-- hospitalSearch -->
        <test-method signature="topCities()[pri:1, instance:testcases.T_MainScript@73dce0e6]" started-at="2021-05-15T03:58:49Z" name="topCities" finished-at="2021-05-15T03:59:15Z" duration-ms="26583" status="PASS">
          <reporter-output>
          </reporter-output>
        </test-method> <!-- topCities -->
        <test-method signature="getAlerts()[pri:2, instance:testcases.T_MainScript@73dce0e6]" started-at="2021-05-15T03:59:15Z" name="getAlerts" finished-at="2021-05-15T03:59:22Z" duration-ms="7070" status="PASS">
          <reporter-output>
          </reporter-output>
        </test-method> <!-- getAlerts -->
        <test-method is-config="true" signature="closeTheBrowser()[pri:0, instance:testcases.T_MainScript@73dce0e6]" started-at="2021-05-15T03:59:22Z" name="closeTheBrowser" finished-at="2021-05-15T03:59:23Z" duration-ms="849" status="PASS">
          <reporter-output>
          </reporter-output>
        </test-method> <!-- closeTheBrowser -->
      </class> <!-- testcases.T_MainScript -->
    </test> <!-- ChromeTest -->
    <test started-at="2021-05-15T03:59:23Z" name="FFTest" finished-at="2021-05-15T04:01:37Z" duration-ms="133295">
      <class name="testcases.T_MainScript">
        <test-method is-config="true" signature="openBrowser(java.lang.String)[pri:0, instance:testcases.T_MainScript@246f8b8b]" started-at="2021-05-15T03:59:23Z" name="openBrowser" finished-at="2021-05-15T03:59:37Z" duration-ms="13474" status="PASS">
          <params>
            <param index="0">
              <value>
                <![CDATA[Mozila]]>
              </value>
            </param>
          </params>
          <reporter-output>
          </reporter-output>
        </test-method> <!-- openBrowser -->
        <test-method signature="hospitalSearch()[pri:0, instance:testcases.T_MainScript@246f8b8b]" started-at="2021-05-15T03:59:37Z" name="hospitalSearch" finished-at="2021-05-15T04:01:01Z" duration-ms="84501" status="PASS">
          <reporter-output>
          </reporter-output>
        </test-method> <!-- hospitalSearch -->
        <test-method signature="topCities()[pri:1, instance:testcases.T_MainScript@246f8b8b]" started-at="2021-05-15T04:01:01Z" name="topCities" finished-at="2021-05-15T04:01:27Z" duration-ms="25740" status="PASS">
          <reporter-output>
          </reporter-output>
        </test-method> <!-- topCities -->
        <test-method signature="getAlerts()[pri:2, instance:testcases.T_MainScript@246f8b8b]" started-at="2021-05-15T04:01:27Z" name="getAlerts" finished-at="2021-05-15T04:01:33Z" duration-ms="5812" status="PASS">
          <reporter-output>
          </reporter-output>
        </test-method> <!-- getAlerts -->
        <test-method is-config="true" signature="closeTheBrowser()[pri:0, instance:testcases.T_MainScript@246f8b8b]" started-at="2021-05-15T04:01:33Z" name="closeTheBrowser" finished-at="2021-05-15T04:01:37Z" duration-ms="3746" status="PASS">
          <reporter-output>
          </reporter-output>
        </test-method> <!-- closeTheBrowser -->
      </class> <!-- testcases.T_MainScript -->
    </test> <!-- FFTest -->
  </suite> <!-- Suite -->
</testng-results>
