<?xml version="1.0" encoding="UTF-8"?>
<testsuite name="FFTest"
           tests="3"
           failures="0"
           errors="0"
           skipped="0"
           time="97.293">
  <properties />
  
  
            <testcase name="hospitalSearch" time="85.650" classname="testcases.T_MainScript" />
                <testcase name="getAlerts" time="5.650" classname="testcases.T_MainScript" />
                <testcase name="topCities" time="5.993" classname="testcases.T_MainScript" />
      
</testsuite>
